Arguments: 
  C:\Program Files\nodejs\node.exe C:\Program Files (x86)\Yarn\bin\yarn.js add koa-passport

PATH: 
  C:\Program Files\Git\mingw64\bin;C:\Program Files\Git\usr\bin;C:\Users\Administrator\bin;C:\Windows\system32;C:\Windows;C:\Windows\System32\Wbem;C:\Windows\System32\WindowsPowerShell\v1.0;C:\Program Files\nodejs;C:\Program Files\Git\cmd;C:\Program Files (x86)\Yarn\bin;C:\Users\Administrator\AppData\Local\Microsoft\WindowsApps;C:\Users\Administrator\AppData\Local\Programs\Microsoft VS Code\bin;C:\Users\Administrator\AppData\Roaming\npm;C:\Users\Administrator\AppData\Local\Yarn\bin;C:\Program Files\MongoDB\Server\4.0\bin;D:\WebStorm 2019.1.3\bin

Yarn version: 
  1.13.0

Node version: 
  10.15.0

Platform: 
  win32 x64

Trace: 
  Error: EPERM: operation not permitted, unlink 'e:\github\koa-template\node_modules\bcrypt\lib\binding\bcrypt_lib.node'

npm manifest: 
  {
    "name": "koa-template",
    "version": "1.0.0",
    "description": "",
    "main": "index.js",
    "scripts": {
      "test": "echo \"Error: no test specified\" && exit 1",
      "start": "node app.js",
      "pm2": "pm2 start app.js --watch"
    },
    "author": "djlun",
    "license": "ISC",
    "dependencies": {
      "bcrypt": "^3.0.6",
      "jsonwebtoken": "^8.5.1",
      "koa": "^2.7.0",
      "koa-bodyparser": "^4.2.1",
      "koa-router": "^7.4.0",
      "koa2-cors": "^2.0.6",
      "mysql": "^2.17.1"
    }
  }

yarn manifest: 
  No manifest

Lockfile: 
  No lockfile
